0 info it worked if it ends with ok
1 verbose cli [ '/usr/bin/node', '/usr/bin/npm', 'install', 'disqus' ]
2 info using npm@3.5.2
3 info using node@v8.10.0
4 verbose config Skipping project config: /home/lxs/.npmrc. (matches userconfig)
5 silly loadCurrentTree Starting
6 silly install loadCurrentTree
7 silly install readLocalPackageData
8 silly fetchPackageMetaData disqus
9 silly fetchNamedPackageData disqus
10 silly mapToRegistry name disqus
11 silly mapToRegistry using default registry
12 silly mapToRegistry registry https://registry.npmjs.org/
13 silly mapToRegistry uri https://registry.npmjs.org/disqus
14 verbose request uri https://registry.npmjs.org/disqus
15 verbose request no auth needed
16 info attempt registry request try #1 at 3:24:36 PM
17 verbose request id 372582d752b8a1c5
18 http request GET https://registry.npmjs.org/disqus
19 http 200 https://registry.npmjs.org/disqus
20 verbose headers { date: 'Fri, 30 Aug 2019 07:24:39 GMT',
20 verbose headers   'content-type': 'application/json; charset=UTF-8',
20 verbose headers   'transfer-encoding': 'chunked',
20 verbose headers   connection: 'keep-alive',
20 verbose headers   'set-cookie':
20 verbose headers    [ '__cfduid=d98e8dbc23dea2f7878ca590fb53e9bdc1567149879; expires=Sat, 29-Aug-20 07:24:39 GMT; path=/; domain=.npmjs.org; HttpOnly' ],
20 verbose headers   'cf-cache-status': 'HIT',
20 verbose headers   'cache-control': 'max-age=300',
20 verbose headers   'cf-ray': '50e506b8fa3778f6-LAX',
20 verbose headers   age: '3233',
20 verbose headers   etag: 'W/"ef6555fba9e9a49c01e0778045c3fbff"',
20 verbose headers   'expect-ct': 'max-age=604800, report-uri="https://report-uri.cloudflare.com/cdn-cgi/beacon/expect-ct"',
20 verbose headers   'last-modified': 'Sat, 26 May 2018 22:11:33 GMT',
20 verbose headers   vary: 'accept-encoding, accept',
20 verbose headers   server: 'cloudflare',
20 verbose headers   'content-encoding': 'gzip' }
21 silly get cb [ 200,
21 silly get   { date: 'Fri, 30 Aug 2019 07:24:39 GMT',
21 silly get     'content-type': 'application/json; charset=UTF-8',
21 silly get     'transfer-encoding': 'chunked',
21 silly get     connection: 'keep-alive',
21 silly get     'set-cookie':
21 silly get      [ '__cfduid=d98e8dbc23dea2f7878ca590fb53e9bdc1567149879; expires=Sat, 29-Aug-20 07:24:39 GMT; path=/; domain=.npmjs.org; HttpOnly' ],
21 silly get     'cf-cache-status': 'HIT',
21 silly get     'cache-control': 'max-age=300',
21 silly get     'cf-ray': '50e506b8fa3778f6-LAX',
21 silly get     age: '3233',
21 silly get     etag: 'W/"ef6555fba9e9a49c01e0778045c3fbff"',
21 silly get     'expect-ct': 'max-age=604800, report-uri="https://report-uri.cloudflare.com/cdn-cgi/beacon/expect-ct"',
21 silly get     'last-modified': 'Sat, 26 May 2018 22:11:33 GMT',
21 silly get     vary: 'accept-encoding, accept',
21 silly get     server: 'cloudflare',
21 silly get     'content-encoding': 'gzip' } ]
22 verbose get saving disqus to /home/lxs/.npm/registry.npmjs.org/disqus/.cache.json
23 silly install normalizeTree
24 silly loadCurrentTree Finishing
25 silly loadIdealTree Starting
26 silly install loadIdealTree
27 silly cloneCurrentTree Starting
28 silly install cloneCurrentTreeToIdealTree
29 silly cloneCurrentTree Finishing
30 silly loadShrinkwrap Starting
31 silly install loadShrinkwrap
32 silly loadShrinkwrap Finishing
33 silly loadAllDepsIntoIdealTree Starting
34 silly install loadAllDepsIntoIdealTree
35 silly resolveWithNewModule disqus@0.3.0 checking installable status
36 silly cache add args [ 'disqus', null ]
37 verbose cache add spec disqus
38 silly cache add parsed spec Result {
38 silly cache add   raw: 'disqus',
38 silly cache add   scope: null,
38 silly cache add   name: 'disqus',
38 silly cache add   rawSpec: '',
38 silly cache add   spec: 'latest',
38 silly cache add   type: 'tag' }
39 silly addNamed disqus@latest
40 verbose addNamed "latest" is being treated as a dist-tag for disqus
41 info addNameTag [ 'disqus', 'latest' ]
42 silly mapToRegistry name disqus
43 silly mapToRegistry using default registry
44 silly mapToRegistry registry https://registry.npmjs.org/
45 silly mapToRegistry uri https://registry.npmjs.org/disqus
46 verbose addNameTag registry:https://registry.npmjs.org/disqus not in flight; fetching
47 verbose get https://registry.npmjs.org/disqus not expired, no request
48 silly addNameTag next cb for disqus with tag latest
49 silly addNamed disqus@0.3.0
50 verbose addNamed "0.3.0" is a plain semver version for disqus
51 silly mapToRegistry name disqus
52 silly mapToRegistry using default registry
53 silly mapToRegistry registry https://registry.npmjs.org/
54 silly mapToRegistry uri https://registry.npmjs.org/disqus
55 verbose addRemoteTarball https://registry.npmjs.org/disqus/-/disqus-0.3.0.tgz not in flight; adding
56 verbose addRemoteTarball [ 'https://registry.npmjs.org/disqus/-/disqus-0.3.0.tgz',
56 verbose addRemoteTarball   'e03ebe47ed9ebbedf671854d7a2ec6bef7024806' ]
57 info retry fetch attempt 1 at 3:24:39 PM
58 info attempt registry request try #1 at 3:24:39 PM
59 http fetch GET https://registry.npmjs.org/disqus/-/disqus-0.3.0.tgz
60 http fetch 200 https://registry.npmjs.org/disqus/-/disqus-0.3.0.tgz
61 silly fetchAndShaCheck shasum e03ebe47ed9ebbedf671854d7a2ec6bef7024806
62 verbose addTmpTarball /tmp/npm-14912-b22613c0/registry.npmjs.org/disqus/-/disqus-0.3.0.tgz not in flight; adding
63 verbose addTmpTarball already have metadata; skipping unpack for disqus@0.3.0
64 silly cache afterAdd disqus@0.3.0
65 verbose afterAdd /home/lxs/.npm/disqus/0.3.0/package/package.json not in flight; writing
66 verbose afterAdd /home/lxs/.npm/disqus/0.3.0/package/package.json written
67 silly fetchNamedPackageData underscore
68 silly mapToRegistry name underscore
69 silly mapToRegistry using default registry
70 silly mapToRegistry registry https://registry.npmjs.org/
71 silly mapToRegistry uri https://registry.npmjs.org/underscore
72 silly fetchNamedPackageData request
73 silly mapToRegistry name request
74 silly mapToRegistry using default registry
75 silly mapToRegistry registry https://registry.npmjs.org/
76 silly mapToRegistry uri https://registry.npmjs.org/request
77 silly fetchNamedPackageData oauth
78 silly mapToRegistry name oauth
79 silly mapToRegistry using default registry
80 silly mapToRegistry registry https://registry.npmjs.org/
81 silly mapToRegistry uri https://registry.npmjs.org/oauth
82 verbose request uri https://registry.npmjs.org/underscore
83 verbose request no auth needed
84 info attempt registry request try #1 at 3:24:41 PM
85 http request GET https://registry.npmjs.org/underscore
86 verbose request uri https://registry.npmjs.org/oauth
87 verbose request no auth needed
88 info attempt registry request try #1 at 3:24:41 PM
89 http request GET https://registry.npmjs.org/oauth
90 verbose request uri https://registry.npmjs.org/request
91 verbose request no auth needed
92 info attempt registry request try #1 at 3:24:41 PM
93 verbose etag W/"0c0bf987e2e1461a105dd86b9347c6e9"
94 verbose lastModified Fri, 07 Jun 2019 04:57:01 GMT
95 http request GET https://registry.npmjs.org/request
96 http 304 https://registry.npmjs.org/request
97 verbose headers { date: 'Fri, 30 Aug 2019 07:24:42 GMT',
97 verbose headers   connection: 'keep-alive',
97 verbose headers   'set-cookie':
97 verbose headers    [ '__cfduid=d9dcbcbec77a1ed44d2fcf6e59f7fa6561567149882; expires=Sat, 29-Aug-20 07:24:42 GMT; path=/; domain=.npmjs.org; HttpOnly' ],
97 verbose headers   'cf-cache-status': 'HIT',
97 verbose headers   'cache-control': 'max-age=300',
97 verbose headers   'cf-ray': '50e506ccdd729971-LAX',
97 verbose headers   age: '40',
97 verbose headers   etag: '"0c0bf987e2e1461a105dd86b9347c6e9"',
97 verbose headers   'expect-ct': 'max-age=604800, report-uri="https://report-uri.cloudflare.com/cdn-cgi/beacon/expect-ct"',
97 verbose headers   'last-modified': 'Fri, 07 Jun 2019 04:57:01 GMT',
97 verbose headers   vary: 'accept-encoding, accept',
97 verbose headers   'x-amz-meta-rev': '2010-3369aa3e98f9cb380f4cf0432f62eff6',
97 verbose headers   server: 'cloudflare' }
98 silly get cb [ 304,
98 silly get   { date: 'Fri, 30 Aug 2019 07:24:42 GMT',
98 silly get     connection: 'keep-alive',
98 silly get     'set-cookie':
98 silly get      [ '__cfduid=d9dcbcbec77a1ed44d2fcf6e59f7fa6561567149882; expires=Sat, 29-Aug-20 07:24:42 GMT; path=/; domain=.npmjs.org; HttpOnly' ],
98 silly get     'cf-cache-status': 'HIT',
98 silly get     'cache-control': 'max-age=300',
98 silly get     'cf-ray': '50e506ccdd729971-LAX',
98 silly get     age: '40',
98 silly get     etag: '"0c0bf987e2e1461a105dd86b9347c6e9"',
98 silly get     'expect-ct': 'max-age=604800, report-uri="https://report-uri.cloudflare.com/cdn-cgi/beacon/expect-ct"',
98 silly get     'last-modified': 'Fri, 07 Jun 2019 04:57:01 GMT',
98 silly get     vary: 'accept-encoding, accept',
98 silly get     'x-amz-meta-rev': '2010-3369aa3e98f9cb380f4cf0432f62eff6',
98 silly get     server: 'cloudflare' } ]
99 verbose etag https://registry.npmjs.org/request from cache
100 verbose get saving request to /home/lxs/.npm/registry.npmjs.org/request/.cache.json
101 silly resolveWithNewModule request@2.12.0 checking installable status
102 silly cache add args [ 'request@2.12.0', null ]
103 verbose cache add spec request@2.12.0
104 silly cache add parsed spec Result {
104 silly cache add   raw: 'request@2.12.0',
104 silly cache add   scope: null,
104 silly cache add   name: 'request',
104 silly cache add   rawSpec: '2.12.0',
104 silly cache add   spec: '2.12.0',
104 silly cache add   type: 'version' }
105 silly addNamed request@2.12.0
106 verbose addNamed "2.12.0" is a plain semver version for request
107 silly mapToRegistry name request
108 silly mapToRegistry using default registry
109 silly mapToRegistry registry https://registry.npmjs.org/
110 silly mapToRegistry uri https://registry.npmjs.org/request
111 verbose addNameVersion registry:https://registry.npmjs.org/request not in flight; fetching
112 verbose get https://registry.npmjs.org/request not expired, no request
113 silly mapToRegistry name request
114 silly mapToRegistry using default registry
115 silly mapToRegistry registry https://registry.npmjs.org/
116 silly mapToRegistry uri https://registry.npmjs.org/request
117 verbose addRemoteTarball https://registry.npmjs.org/request/-/request-2.12.0.tgz not in flight; adding
118 verbose addRemoteTarball [ 'https://registry.npmjs.org/request/-/request-2.12.0.tgz',
118 verbose addRemoteTarball   '11f46f20b3d0f4848c6383991c80790af16c8e48' ]
119 info retry fetch attempt 1 at 3:24:42 PM
120 info attempt registry request try #1 at 3:24:42 PM
121 http fetch GET https://registry.npmjs.org/request/-/request-2.12.0.tgz
122 http fetch 200 https://registry.npmjs.org/request/-/request-2.12.0.tgz
123 http 200 https://registry.npmjs.org/oauth
124 verbose headers { date: 'Fri, 30 Aug 2019 07:24:42 GMT',
124 verbose headers   'content-type': 'application/json',
124 verbose headers   'transfer-encoding': 'chunked',
124 verbose headers   connection: 'keep-alive',
124 verbose headers   'set-cookie':
124 verbose headers    [ '__cfduid=ddee6d8ee39ef27bac57c673311e1ed2e1567149882; expires=Sat, 29-Aug-20 07:24:42 GMT; path=/; domain=.npmjs.org; HttpOnly' ],
124 verbose headers   'cf-cache-status': 'HIT',
124 verbose headers   'cache-control': 'max-age=300',
124 verbose headers   'cf-ray': '50e506ce9dfed32e-LAX',
124 verbose headers   age: '1200',
124 verbose headers   etag: 'W/"adf474a38689dcb2b86f80e2b37e8c38"',
124 verbose headers   'expect-ct': 'max-age=604800, report-uri="https://report-uri.cloudflare.com/cdn-cgi/beacon/expect-ct"',
124 verbose headers   'last-modified': 'Fri, 22 Mar 2019 08:28:45 GMT',
124 verbose headers   vary: 'accept-encoding, accept',
124 verbose headers   'x-amz-meta-rev': '147-dbeb6b83b659f2e44b6da91c0f801e8e',
124 verbose headers   server: 'cloudflare',
124 verbose headers   'content-encoding': 'gzip' }
125 silly get cb [ 200,
125 silly get   { date: 'Fri, 30 Aug 2019 07:24:42 GMT',
125 silly get     'content-type': 'application/json',
125 silly get     'transfer-encoding': 'chunked',
125 silly get     connection: 'keep-alive',
125 silly get     'set-cookie':
125 silly get      [ '__cfduid=ddee6d8ee39ef27bac57c673311e1ed2e1567149882; expires=Sat, 29-Aug-20 07:24:42 GMT; path=/; domain=.npmjs.org; HttpOnly' ],
125 silly get     'cf-cache-status': 'HIT',
125 silly get     'cache-control': 'max-age=300',
125 silly get     'cf-ray': '50e506ce9dfed32e-LAX',
125 silly get     age: '1200',
125 silly get     etag: 'W/"adf474a38689dcb2b86f80e2b37e8c38"',
125 silly get     'expect-ct': 'max-age=604800, report-uri="https://report-uri.cloudflare.com/cdn-cgi/beacon/expect-ct"',
125 silly get     'last-modified': 'Fri, 22 Mar 2019 08:28:45 GMT',
125 silly get     vary: 'accept-encoding, accept',
125 silly get     'x-amz-meta-rev': '147-dbeb6b83b659f2e44b6da91c0f801e8e',
125 silly get     server: 'cloudflare',
125 silly get     'content-encoding': 'gzip' } ]
126 verbose get saving oauth to /home/lxs/.npm/registry.npmjs.org/oauth/.cache.json
127 http 200 https://registry.npmjs.org/underscore
128 verbose headers { date: 'Fri, 30 Aug 2019 07:24:41 GMT',
128 verbose headers   'content-type': 'application/json',
128 verbose headers   'transfer-encoding': 'chunked',
128 verbose headers   connection: 'keep-alive',
128 verbose headers   'set-cookie':
128 verbose headers    [ '__cfduid=da7d88aa3b95d4d9ffe3cf97406b081441567149881; expires=Sat, 29-Aug-20 07:24:41 GMT; path=/; domain=.npmjs.org; HttpOnly' ],
128 verbose headers   'cf-cache-status': 'HIT',
128 verbose headers   'cache-control': 'max-age=300',
128 verbose headers   'cf-ray': '50e506c9394378f6-LAX',
128 verbose headers   age: '7119',
128 verbose headers   etag: 'W/"aba1fe4dc25b60fca5401d46f0b6e06b"',
128 verbose headers   'expect-ct': 'max-age=604800, report-uri="https://report-uri.cloudflare.com/cdn-cgi/beacon/expect-ct"',
128 verbose headers   'last-modified': 'Thu, 25 Apr 2019 07:47:16 GMT',
128 verbose headers   vary: 'accept-encoding, accept',
128 verbose headers   'x-amz-meta-rev': '815-9b8fb9870a0df76579c9d56942552a2e',
128 verbose headers   server: 'cloudflare',
128 verbose headers   'content-encoding': 'gzip' }
129 silly get cb [ 200,
129 silly get   { date: 'Fri, 30 Aug 2019 07:24:41 GMT',
129 silly get     'content-type': 'application/json',
129 silly get     'transfer-encoding': 'chunked',
129 silly get     connection: 'keep-alive',
129 silly get     'set-cookie':
129 silly get      [ '__cfduid=da7d88aa3b95d4d9ffe3cf97406b081441567149881; expires=Sat, 29-Aug-20 07:24:41 GMT; path=/; domain=.npmjs.org; HttpOnly' ],
129 silly get     'cf-cache-status': 'HIT',
129 silly get     'cache-control': 'max-age=300',
129 silly get     'cf-ray': '50e506c9394378f6-LAX',
129 silly get     age: '7119',
129 silly get     etag: 'W/"aba1fe4dc25b60fca5401d46f0b6e06b"',
129 silly get     'expect-ct': 'max-age=604800, report-uri="https://report-uri.cloudflare.com/cdn-cgi/beacon/expect-ct"',
129 silly get     'last-modified': 'Thu, 25 Apr 2019 07:47:16 GMT',
129 silly get     vary: 'accept-encoding, accept',
129 silly get     'x-amz-meta-rev': '815-9b8fb9870a0df76579c9d56942552a2e',
129 silly get     server: 'cloudflare',
129 silly get     'content-encoding': 'gzip' } ]
130 verbose get saving underscore to /home/lxs/.npm/registry.npmjs.org/underscore/.cache.json
131 silly resolveWithNewModule oauth@0.9.15 checking installable status
132 silly cache add args [ 'oauth@^0.9.14', null ]
133 verbose cache add spec oauth@^0.9.14
134 silly cache add parsed spec Result {
134 silly cache add   raw: 'oauth@^0.9.14',
134 silly cache add   scope: null,
134 silly cache add   name: 'oauth',
134 silly cache add   rawSpec: '^0.9.14',
134 silly cache add   spec: '>=0.9.14 <0.10.0',
134 silly cache add   type: 'range' }
135 silly addNamed oauth@>=0.9.14 <0.10.0
136 verbose addNamed ">=0.9.14 <0.10.0" is a valid semver range for oauth
137 silly addNameRange { name: 'oauth', range: '>=0.9.14 <0.10.0', hasData: false }
138 silly mapToRegistry name oauth
139 silly mapToRegistry using default registry
140 silly mapToRegistry registry https://registry.npmjs.org/
141 silly mapToRegistry uri https://registry.npmjs.org/oauth
142 verbose addNameRange registry:https://registry.npmjs.org/oauth not in flight; fetching
143 silly resolveWithNewModule underscore@1.4.2 checking installable status
144 silly cache add args [ 'underscore@1.4.2', null ]
145 verbose cache add spec underscore@1.4.2
146 silly cache add parsed spec Result {
146 silly cache add   raw: 'underscore@1.4.2',
146 silly cache add   scope: null,
146 silly cache add   name: 'underscore',
146 silly cache add   rawSpec: '1.4.2',
146 silly cache add   spec: '1.4.2',
146 silly cache add   type: 'version' }
147 silly addNamed underscore@1.4.2
148 verbose addNamed "1.4.2" is a plain semver version for underscore
149 silly mapToRegistry name underscore
150 silly mapToRegistry using default registry
151 silly mapToRegistry registry https://registry.npmjs.org/
152 silly mapToRegistry uri https://registry.npmjs.org/underscore
153 verbose addNameVersion registry:https://registry.npmjs.org/underscore not in flight; fetching
154 verbose get https://registry.npmjs.org/oauth not expired, no request
155 silly addNameRange number 2 { name: 'oauth', range: '>=0.9.14 <0.10.0', hasData: true }
156 silly addNameRange versions [ 'oauth',
156 silly addNameRange   [ '0.7.4',
156 silly addNameRange     '0.7.5',
156 silly addNameRange     '0.7.6',
156 silly addNameRange     '0.7.7',
156 silly addNameRange     '0.8.0',
156 silly addNameRange     '0.8.1',
156 silly addNameRange     '0.8.2',
156 silly addNameRange     '0.8.3',
156 silly addNameRange     '0.8.4',
156 silly addNameRange     '0.9.0',
156 silly addNameRange     '0.9.1',
156 silly addNameRange     '0.9.2',
156 silly addNameRange     '0.9.3',
156 silly addNameRange     '0.9.4',
156 silly addNameRange     '0.9.5',
156 silly addNameRange     '0.9.6',
156 silly addNameRange     '0.9.7',
156 silly addNameRange     '0.9.8',
156 silly addNameRange     '0.9.9',
156 silly addNameRange     '0.9.10',
156 silly addNameRange     '0.9.11',
156 silly addNameRange     '0.9.12',
156 silly addNameRange     '0.9.13',
156 silly addNameRange     '0.9.14',
156 silly addNameRange     '0.9.15' ] ]
157 silly addNamed oauth@0.9.15
158 verbose addNamed "0.9.15" is a plain semver version for oauth
159 silly mapToRegistry name oauth
160 silly mapToRegistry using default registry
161 silly mapToRegistry registry https://registry.npmjs.org/
162 silly mapToRegistry uri https://registry.npmjs.org/oauth
163 verbose addRemoteTarball https://registry.npmjs.org/oauth/-/oauth-0.9.15.tgz not in flight; adding
164 verbose addRemoteTarball [ 'https://registry.npmjs.org/oauth/-/oauth-0.9.15.tgz',
164 verbose addRemoteTarball   'bd1fefaf686c96b75475aed5196412ff60cfb9c1' ]
165 verbose get https://registry.npmjs.org/underscore not expired, no request
166 silly mapToRegistry name underscore
167 silly mapToRegistry using default registry
168 silly mapToRegistry registry https://registry.npmjs.org/
169 silly mapToRegistry uri https://registry.npmjs.org/underscore
170 verbose addRemoteTarball https://registry.npmjs.org/underscore/-/underscore-1.4.2.tgz not in flight; adding
171 verbose addRemoteTarball [ 'https://registry.npmjs.org/underscore/-/underscore-1.4.2.tgz',
171 verbose addRemoteTarball   'cb2aae6a7999a89fd55aaee75bce0311698cebfb' ]
172 info retry fetch attempt 1 at 3:24:42 PM
173 info attempt registry request try #1 at 3:24:42 PM
174 http fetch GET https://registry.npmjs.org/oauth/-/oauth-0.9.15.tgz
175 info retry fetch attempt 1 at 3:24:42 PM
176 info attempt registry request try #1 at 3:24:42 PM
177 http fetch GET https://registry.npmjs.org/underscore/-/underscore-1.4.2.tgz
178 http fetch 200 https://registry.npmjs.org/oauth/-/oauth-0.9.15.tgz
179 http fetch 200 https://registry.npmjs.org/underscore/-/underscore-1.4.2.tgz
180 silly fetchAndShaCheck shasum bd1fefaf686c96b75475aed5196412ff60cfb9c1
181 verbose addTmpTarball /tmp/npm-14912-b22613c0/registry.npmjs.org/oauth/-/oauth-0.9.15.tgz not in flight; adding
182 verbose addTmpTarball already have metadata; skipping unpack for oauth@0.9.15
183 silly cache afterAdd oauth@0.9.15
184 verbose afterAdd /home/lxs/.npm/oauth/0.9.15/package/package.json not in flight; writing
185 verbose afterAdd /home/lxs/.npm/oauth/0.9.15/package/package.json written
186 silly fetchAndShaCheck shasum 11f46f20b3d0f4848c6383991c80790af16c8e48
187 verbose addTmpTarball /tmp/npm-14912-b22613c0/registry.npmjs.org/request/-/request-2.12.0.tgz not in flight; adding
188 verbose addTmpTarball already have metadata; skipping unpack for request@2.12.0
189 silly cache afterAdd request@2.12.0
190 verbose afterAdd /home/lxs/.npm/request/2.12.0/package/package.json not in flight; writing
191 verbose afterAdd /home/lxs/.npm/request/2.12.0/package/package.json written
192 verbose stack Error: write EIO
192 verbose stack     at _errnoException (util.js:1022:11)
192 verbose stack     at WriteWrap.afterWrite [as oncomplete] (net.js:880:14)
193 verbose cwd /home/lxs/Desktop/java-note
194 error Linux 4.15.0-55-generic
195 error argv "/usr/bin/node" "/usr/bin/npm" "install" "disqus"
196 error node v8.10.0
197 error npm  v3.5.2
198 error code EIO
199 error errno EIO
200 error syscall write
201 error write EIO
202 error If you need help, you may report this error at:
202 error     <https://github.com/npm/npm/issues>
203 verbose exit [ 1, true ]
